-------------------------------------------------------------------------------
Test set: com.example.rank.RankApplicationTests
-------------------------------------------------------------------------------
Tests run: 1, Failures: 0, Errors: 1, Skipped: 0, Time elapsed: 0.171 s <<< FAILURE! - in com.example.rank.RankApplicationTests
com.example.rank.RankApplicationTests  Time elapsed: 0.17 s  <<< ERROR!
java.lang.IllegalStateException: Unable to find a @SpringBootConfiguration, you need to use @ContextConfiguration or @SpringBootTest(classes=...) with your test

