<?xml version="1.0" encoding="UTF-8"?>
<testsuite xmlns:xsi="http://www.w3.org/2001/XMLSchema-instance" xsi:noNamespaceSchemaLocation="https://maven.apache.org/surefire/maven-surefire-plugin/xsd/surefire-test-report.xsd" name="com.example.rank.RankApplicationTests" time="0.171" tests="1" errors="1" skipped="0" failures="0">
  <properties>
[...]
</properties>
  <testcase name="com.example.rank.RankApplicationTests" classname="com.example.rank.RankApplicationTests" time="0.17">
    <error message="Unable to find a @SpringBootConfiguration, you need to use @ContextConfiguration or @SpringBootTest(classes=...) with your test" type="java.lang.IllegalStateException">java.lang.IllegalStateException: Unable to find a @SpringBootConfiguration, you need to use @ContextConfiguration or @SpringBootTest(classes=...) with your test
</error>
    <system-out><![CDATA[10:27:30.727 [main] DEBUG org.springframework.test.context.BootstrapUtils - Instantiating CacheAwareContextLoaderDelegate from class [org.springframework.test.context.cache.DefaultCacheAwareContextLoaderDelegate]
10:27:30.736 [main] DEBUG org.springframework.test.context.BootstrapUtils - Instantiating BootstrapContext using constructor [public org.springframework.test.context.support.DefaultBootstrapContext(java.lang.Class,org.springframework.test.context.CacheAwareContextLoaderDelegate)]
10:27:30.756 [main] DEBUG org.springframework.test.context.BootstrapUtils - Instantiating TestContextBootstrapper for test class [com.example.rank.RankApplicationTests] from class [org.springframework.boot.test.context.SpringBootTestContextBootstrapper]
10:27:30.762 [main] INFO org.springframework.boot.test.context.SpringBootTestContextBootstrapper - Neither @ContextConfiguration nor @ContextHierarchy found for test class [com.example.rank.RankApplicationTests], using SpringBootContextLoader
10:27:30.765 [main] DEBUG org.springframework.test.context.support.AbstractContextLoader - Did not detect default resource location for test class [com.example.rank.RankApplicationTests]: class path resource [com/example/rank/RankApplicationTests-context.xml] does not exist
10:27:30.765 [main] DEBUG org.springframework.test.context.support.AbstractContextLoader - Did not detect default resource location for test class [com.example.rank.RankApplicationTests]: class path resource [com/example/rank/RankApplicationTestsContext.groovy] does not exist
10:27:30.765 [main] INFO org.springframework.test.context.support.AbstractContextLoader - Could not detect default resource locations for test class [com.example.rank.RankApplicationTests]: no resource found for suffixes {-context.xml, Context.groovy}.
10:27:30.765 [main] INFO org.springframework.test.context.support.AnnotationConfigContextLoaderUtils - Could not detect default configuration classes for test class [com.example.rank.RankApplicationTests]: RankApplicationTests does not declare any static, non-private, non-final, nested classes annotated with @Configuration.
10:27:30.792 [main] DEBUG org.springframework.test.context.support.ActiveProfilesUtils - Could not find an 'annotation declaring class' for annotation type [org.springframework.test.context.ActiveProfiles] and class [com.example.rank.RankApplicationTests]
10:27:30.835 [main] DEBUG org.springframework.test.context.BootstrapUtils - Instantiating CacheAwareContextLoaderDelegate from class [org.springframework.test.context.cache.DefaultCacheAwareContextLoaderDelegate]
10:27:30.835 [main] DEBUG org.springframework.test.context.BootstrapUtils - Instantiating BootstrapContext using constructor [public org.springframework.test.context.support.DefaultBootstrapContext(java.lang.Class,org.springframework.test.context.CacheAwareContextLoaderDelegate)]
10:27:30.836 [main] DEBUG org.springframework.test.context.BootstrapUtils - Instantiating TestContextBootstrapper for test class [com.example.rank.RankApplicationTests] from class [org.springframework.boot.test.context.SpringBootTestContextBootstrapper]
10:27:30.836 [main] INFO org.springframework.boot.test.context.SpringBootTestContextBootstrapper - Neither @ContextConfiguration nor @ContextHierarchy found for test class [com.example.rank.RankApplicationTests], using SpringBootContextLoader
10:27:30.836 [main] DEBUG org.springframework.test.context.support.AbstractContextLoader - Did not detect default resource location for test class [com.example.rank.RankApplicationTests]: class path resource [com/example/rank/RankApplicationTests-context.xml] does not exist
10:27:30.836 [main] DEBUG org.springframework.test.context.support.AbstractContextLoader - Did not detect default resource location for test class [com.example.rank.RankApplicationTests]: class path resource [com/example/rank/RankApplicationTestsContext.groovy] does not exist
10:27:30.836 [main] INFO org.springframework.test.context.support.AbstractContextLoader - Could not detect default resource locations for test class [com.example.rank.RankApplicationTests]: no resource found for suffixes {-context.xml, Context.groovy}.
10:27:30.837 [main] INFO org.springframework.test.context.support.AnnotationConfigContextLoaderUtils - Could not detect default configuration classes for test class [com.example.rank.RankApplicationTests]: RankApplicationTests does not declare any static, non-private, non-final, nested classes annotated with @Configuration.
10:27:30.837 [main] DEBUG org.springframework.test.context.support.ActiveProfilesUtils - Could not find an 'annotation declaring class' for annotation type [org.springframework.test.context.ActiveProfiles] and class [com.example.rank.RankApplicationTests]
10:27:30.846 [main] DEBUG org.springframework.test.context.BootstrapUtils - Instantiating CacheAwareContextLoaderDelegate from class [org.springframework.test.context.cache.DefaultCacheAwareContextLoaderDelegate]
10:27:30.846 [main] DEBUG org.springframework.test.context.BootstrapUtils - Instantiating BootstrapContext using constructor [public org.springframework.test.context.support.DefaultBootstrapContext(java.lang.Class,org.springframework.test.context.CacheAwareContextLoaderDelegate)]
10:27:30.847 [main] DEBUG org.springframework.test.context.BootstrapUtils - Instantiating TestContextBootstrapper for test class [com.example.rank.RankApplicationTests] from class [org.springframework.boot.test.context.SpringBootTestContextBootstrapper]
10:27:30.847 [main] INFO org.springframework.boot.test.context.SpringBootTestContextBootstrapper - Neither @ContextConfiguration nor @ContextHierarchy found for test class [com.example.rank.RankApplicationTests], using SpringBootContextLoader
10:27:30.847 [main] DEBUG org.springframework.test.context.support.AbstractContextLoader - Did not detect default resource location for test class [com.example.rank.RankApplicationTests]: class path resource [com/example/rank/RankApplicationTests-context.xml] does not exist
10:27:30.847 [main] DEBUG org.springframework.test.context.support.AbstractContextLoader - Did not detect default resource location for test class [com.example.rank.RankApplicationTests]: class path resource [com/example/rank/RankApplicationTestsContext.groovy] does not exist
10:27:30.847 [main] INFO org.springframework.test.context.support.AbstractContextLoader - Could not detect default resource locations for test class [com.example.rank.RankApplicationTests]: no resource found for suffixes {-context.xml, Context.groovy}.
10:27:30.847 [main] INFO org.springframework.test.context.support.AnnotationConfigContextLoaderUtils - Could not detect default configuration classes for test class [com.example.rank.RankApplicationTests]: RankApplicationTests does not declare any static, non-private, non-final, nested classes annotated with @Configuration.
10:27:30.848 [main] DEBUG org.springframework.test.context.support.ActiveProfilesUtils - Could not find an 'annotation declaring class' for annotation type [org.springframework.test.context.ActiveProfiles] and class [com.example.rank.RankApplicationTests]
]]></system-out>
  </testcase>
</testsuite>